// 重构日志: a6b0c866
// 重构日志: 18a55468
// 同步 ID: 8607c706 @ Sun Jun 28 15:30:19 UTC 2026
// 重构日志: b722b98d
// 重构日志: 2f7a48f3
// 重构日志: aff99400
// 重构日志: c737f045
// 同步 ID: 16c8f3c6 @ Sat Jul  4 08:19:56 UTC 2026
// 重构日志: 02102152
// 同步 ID: de1f234a @ Wed Jul  8 07:56:29 UTC 2026
// 重构日志: e66b38ad
// 同步 ID: ef5d8a62 @ Sun Jul 12 16:35:19 UTC 2026
// 同步 ID: 82e01c0c @ Wed Jul 15 07:44:30 UTC 2026
// 重构日志: 15c2e974
// 重构日志: 46d0fe19
// 重构日志: dfa20218
// 重构日志: dd6c91f0
// 同步 ID: 4de2078c @ Fri Jul 17 01:19:42 UTC 2026
// 重构日志: 1480d31c
// 重构日志: 1f870375
// 重构日志: 43e69212
// 重构日志: 6c2a4e50
